This is pdfTeX, Version 3.141592653-2.6-1.40.25 (MiKTeX 23.10) (preloaded format=pdflatex 2024.1.21)  28 JAN 2024 18:30
entering extended mode
 restricted \write18 enabled.
 %&-line parsing enabled.
**"C:/Users/nakon/OneDrive/Desktop/Docsw/uni/master sem 7/datenmanagement/dna_f
ountain/main_paper/template.tex"

(C:/Users/nakon/OneDrive/Desktop/Docsw/uni/master sem 7/datenmanagement/dna_fou
ntain/main_paper/template.tex
LaTeX2e <2023-06-01> patch level 1
L3 programming layer <2023-08-29>
(C:\Tools\miktex\tex/latex/base\article.cls
Document Class: article 2023/05/17 v1.4n Standard LaTeX document class
(C:\Tools\miktex\tex/latex/base\size12.clo
File: size12.clo 2023/05/17 v1.4n Standard LaTeX file (size option)
)
\c@part=\count185
\c@section=\count186
\c@subsection=\count187
\c@subsubsection=\count188
\c@paragraph=\count189
\c@subparagraph=\count190
\c@figure=\count191
\c@table=\count192
\abovecaptionskip=\skip48
\belowcaptionskip=\skip49
\bibindent=\dimen140
)
(C:\Tools\miktex\tex/latex/graphics\graphicx.sty
Package: graphicx 2021/09/16 v1.2d Enhanced LaTeX Graphics (DPC,SPQR)

(C:\Tools\miktex\tex/latex/graphics\keyval.sty
Package: keyval 2022/05/29 v1.15 key=value parser (DPC)
\KV@toks@=\toks17
)
(C:\Tools\miktex\tex/latex/graphics\graphics.sty
Package: graphics 2022/03/10 v1.4e Standard LaTeX Graphics (DPC,SPQR)

(C:\Tools\miktex\tex/latex/graphics\trig.sty
Package: trig 2021/08/11 v1.11 sin cos tan (DPC)
)
(C:\Tools\miktex\tex/latex/graphics-cfg\graphics.cfg
File: graphics.cfg 2016/06/04 v1.11 sample graphics configuration
)
Package graphics Info: Driver file: pdftex.def on input line 107.

(C:\Tools\miktex\tex/latex/graphics-def\pdftex.def
File: pdftex.def 2022/09/22 v1.2b Graphics/color driver for pdftex
))
\Gin@req@height=\dimen141
\Gin@req@width=\dimen142
)
(C:\Tools\miktex\tex/latex/microtype\microtype.sty
Package: microtype 2023/03/13 v3.1a Micro-typographical refinements (RS)

(C:\Tools\miktex\tex/latex/etoolbox\etoolbox.sty
Package: etoolbox 2020/10/05 v2.5k e-TeX tools for LaTeX (JAW)
\etb@tempcnta=\count193
)
\MT@toks=\toks18
\MT@tempbox=\box51
\MT@count=\count194
LaTeX Info: Redefining \noprotrusionifhmode on input line 1059.
LaTeX Info: Redefining \leftprotrusion on input line 1060.
\MT@prot@toks=\toks19
LaTeX Info: Redefining \rightprotrusion on input line 1078.
LaTeX Info: Redefining \textls on input line 1368.
\MT@outer@kern=\dimen143
LaTeX Info: Redefining \textmicrotypecontext on input line 1988.
\MT@listname@count=\count195

(C:\Tools\miktex\tex/latex/microtype\microtype-pdftex.def
File: microtype-pdftex.def 2023/03/13 v3.1a Definitions specific to pdftex (RS)

LaTeX Info: Redefining \lsstyle on input line 902.
LaTeX Info: Redefining \lslig on input line 902.
\MT@outer@space=\skip50
)
Package microtype Info: Loading configuration file microtype.cfg.

(C:\Tools\miktex\tex/latex/microtype\microtype.cfg
File: microtype.cfg 2023/03/13 v3.1a microtype main configuration file (RS)
))
(C:\Tools\miktex\tex/latex/glossaries/base\glossaries.sty
Package: glossaries 2023/09/29 v4.53 (NLCT)

(C:\Tools\miktex\tex/latex/base\ifthen.sty
Package: ifthen 2022/04/13 v1.1d Standard LaTeX ifthen package (DPC)
)
(C:\Tools\miktex\tex/latex/xkeyval\xkeyval.sty
Package: xkeyval 2022/06/16 v2.9 package option processing (HA)

(C:\Tools\miktex\tex/generic/xkeyval\xkeyval.tex
(C:\Tools\miktex\tex/generic/xkeyval\xkvutils.tex
\XKV@toks=\toks20
\XKV@tempa@toks=\toks21
)
\XKV@depth=\count196
File: xkeyval.tex 2014/12/03 v2.7a key=value parser (HA)
))
(C:\Tools\miktex\tex/latex/mfirstuc\mfirstuc.sty
Package: mfirstuc 2022/10/14 v2.08 (NLCT)
\@glsmfirst=\toks22
\@glsmrest=\toks23
)
(C:\Tools\miktex\tex/latex/xfor\xfor.sty
Package: xfor 2009/02/05 v1.05 (NLCT)
)
(C:\Tools\miktex\tex/latex/datatool\datatool-base.sty
Package: datatool-base 2019/09/27 v2.32 (NLCT)

(C:\Tools\miktex\tex/latex/amsmath\amsmath.sty
Package: amsmath 2023/05/13 v2.17o AMS math features
\@mathmargin=\skip51

For additional information on amsmath, use the `?' option.
(C:\Tools\miktex\tex/latex/amsmath\amstext.sty
Package: amstext 2021/08/26 v2.01 AMS text

(C:\Tools\miktex\tex/latex/amsmath\amsgen.sty
File: amsgen.sty 1999/11/30 v2.0 generic functions
\@emptytoks=\toks24
\ex@=\dimen144
))
(C:\Tools\miktex\tex/latex/amsmath\amsbsy.sty
Package: amsbsy 1999/11/29 v1.2d Bold Symbols
\pmbraise@=\dimen145
)
(C:\Tools\miktex\tex/latex/amsmath\amsopn.sty
Package: amsopn 2022/04/08 v2.04 operator names
)
\inf@bad=\count197
LaTeX Info: Redefining \frac on input line 234.
\uproot@=\count198
\leftroot@=\count199
LaTeX Info: Redefining \overline on input line 399.
LaTeX Info: Redefining \colon on input line 410.
\classnum@=\count266
\DOTSCASE@=\count267
LaTeX Info: Redefining \ldots on input line 496.
LaTeX Info: Redefining \dots on input line 499.
LaTeX Info: Redefining \cdots on input line 620.
\Mathstrutbox@=\box52
\strutbox@=\box53
LaTeX Info: Redefining \big on input line 722.
LaTeX Info: Redefining \Big on input line 723.
LaTeX Info: Redefining \bigg on input line 724.
LaTeX Info: Redefining \Bigg on input line 725.
\big@size=\dimen146
LaTeX Font Info:    Redeclaring font encoding OML on input line 743.
LaTeX Font Info:    Redeclaring font encoding OMS on input line 744.
\macc@depth=\count268
LaTeX Info: Redefining \bmod on input line 905.
LaTeX Info: Redefining \pmod on input line 910.
LaTeX Info: Redefining \smash on input line 940.
LaTeX Info: Redefining \relbar on input line 970.
LaTeX Info: Redefining \Relbar on input line 971.
\c@MaxMatrixCols=\count269
\dotsspace@=\muskip16
\c@parentequation=\count270
\dspbrk@lvl=\count271
\tag@help=\toks25
\row@=\count272
\column@=\count273
\maxfields@=\count274
\andhelp@=\toks26
\eqnshift@=\dimen147
\alignsep@=\dimen148
\tagshift@=\dimen149
\tagwidth@=\dimen150
\totwidth@=\dimen151
\lineht@=\dimen152
\@envbody=\toks27
\multlinegap=\skip52
\multlinetaggap=\skip53
\mathdisplay@stack=\toks28
LaTeX Info: Redefining \[ on input line 2953.
LaTeX Info: Redefining \] on input line 2954.
)
(C:\Tools\miktex\tex/latex/substr\substr.sty
Package: substr 2009/10/20 v1.2 Handle substrings
\c@su@anzahl=\count275
)
(C:\Tools\miktex\tex/latex/datatool\datatool-fp.sty
Package: datatool-fp 2019/09/27 v2.32 (NLCT)

(C:\Tools\miktex\tex/latex/fp\fp.sty
Package: fp 1995/04/02

`Fixed Point Package', Version 0.8, April 2, 1995 (C) Michael Mehlich
(C:\Tools\miktex\tex/latex/fp\defpattern.sty
Package: defpattern 1994/10/12
\actioncount=\count276
)
(C:\Tools\miktex\tex/latex/fp\fp-basic.sty
Package: fp-basic 1996/05/13
\FP@xs=\count277
\FP@xia=\count278
\FP@xib=\count279
\FP@xfa=\count280
\FP@xfb=\count281
\FP@rega=\count282
\FP@regb=\count283
\FP@regs=\count284
\FP@times=\count285
)
(C:\Tools\miktex\tex/latex/fp\fp-addons.sty
Package: fp-addons 1995/03/15
)
(C:\Tools\miktex\tex/latex/fp\fp-snap.sty
Package: fp-snap 1995/04/05
)
(C:\Tools\miktex\tex/latex/fp\fp-exp.sty
Package: fp-exp 1995/04/03
)
(C:\Tools\miktex\tex/latex/fp\fp-trigo.sty
Package: fp-trigo 1995/04/14
)
(C:\Tools\miktex\tex/latex/fp\fp-pas.sty
Package: fp-pas 1994/08/29
)
(C:\Tools\miktex\tex/latex/fp\fp-random.sty
Package: fp-random 1995/02/23
\FPseed=\count286
)
(C:\Tools\miktex\tex/latex/fp\fp-eqn.sty
Package: fp-eqn 1995/04/03
)
(C:\Tools\miktex\tex/latex/fp\fp-upn.sty
Package: fp-upn 1996/10/21
)
(C:\Tools\miktex\tex/latex/fp\fp-eval.sty
Package: fp-eval 1995/04/03
)))
\@dtl@toks=\toks29
\@dtl@tmpcount=\count287
\dtl@tmplength=\skip54
\dtl@sortresult=\count288
\@dtl@numgrpsepcount=\count289
\@dtl@datatype=\count290
\dtl@codeA=\count291
\dtl@codeB=\count292
\@dtl@foreach@level=\count293
)
\gls@level=\count294
\@gls@tmpb=\toks30
\gls@tmplen=\skip55
\glskeylisttok=\toks31
\glslabeltok=\toks32
\glsshorttok=\toks33
\glslongtok=\toks34

(C:\Tools\miktex\tex/latex/glossaries/styles\glossary-hypernav.sty
Package: glossary-hypernav 2023/09/29 v4.53 (NLCT)
)
(C:\Tools\miktex\tex/latex/glossaries/styles\glossary-list.sty
Package: glossary-list 2023/09/29 v4.53 (NLCT)
\glslistdottedwidth=\skip56
)
(C:\Tools\miktex\tex/latex/glossaries/styles\glossary-long.sty
Package: glossary-long 2023/09/29 v4.53 (NLCT)

(C:\Tools\miktex\tex/latex/tools\longtable.sty
Package: longtable 2021-09-01 v4.17 Multi-page Table package (DPC)
\LTleft=\skip57
\LTright=\skip58
\LTpre=\skip59
\LTpost=\skip60
\LTchunksize=\count295
\LTcapwidth=\dimen153
\LT@head=\box54
\LT@firsthead=\box55
\LT@foot=\box56
\LT@lastfoot=\box57
\LT@gbox=\box58
\LT@cols=\count296
\LT@rows=\count297
\c@LT@tables=\count298
\c@LT@chunks=\count299
\LT@p@ftn=\toks35
)
\glsdescwidth=\skip61
\glspagelistwidth=\skip62
)
(C:\Tools\miktex\tex/latex/glossaries/styles\glossary-super.sty
Package: glossary-super 2023/09/29 v4.53 (NLCT)

(C:\Tools\miktex\tex/latex/supertabular\supertabular.sty
Package: supertabular 2020/02/02 v4.1g the supertabular environment
\c@tracingst=\count300
\ST@wd=\dimen154
\ST@rightskip=\skip63
\ST@leftskip=\skip64
\ST@parfillskip=\skip65
\ST@pageleft=\dimen155
\ST@headht=\dimen156
\ST@tailht=\dimen157
\ST@pagesofar=\dimen158
\ST@pboxht=\dimen159
\ST@lineht=\dimen160
\ST@prevht=\dimen161
\ST@toadd=\dimen162
\ST@dimen=\dimen163
\ST@pbox=\box59
))
(C:\Tools\miktex\tex/latex/glossaries/styles\glossary-tree.sty
Package: glossary-tree 2023/09/29 v4.53 (NLCT)
\glstreeindent=\skip66
))
(C:\Tools\miktex\tex/latex/cite\cite.sty
LaTeX Info: Redefining \cite on input line 302.
LaTeX Info: Redefining \nocite on input line 332.
Package: cite 2015/02/27  v 5.5
)
(C:\Tools\miktex\tex/latex/hyperref\hyperref.sty
Package: hyperref 2023-07-08 v7.01b Hypertext links for LaTeX

(C:\Tools\miktex\tex/generic/ltxcmds\ltxcmds.sty
Package: ltxcmds 2023-12-04 v1.26 LaTeX kernel commands for general use (HO)
)
(C:\Tools\miktex\tex/generic/iftex\iftex.sty
Package: iftex 2022/02/03 v1.0f TeX engine tests
)
(C:\Tools\miktex\tex/generic/pdftexcmds\pdftexcmds.sty
Package: pdftexcmds 2020-06-27 v0.33 Utility functions of pdfTeX for LuaTeX (HO
)

(C:\Tools\miktex\tex/generic/infwarerr\infwarerr.sty
Package: infwarerr 2019/12/03 v1.5 Providing info/warning/error messages (HO)
)
Package pdftexcmds Info: \pdf@primitive is available.
Package pdftexcmds Info: \pdf@ifprimitive is available.
Package pdftexcmds Info: \pdfdraftmode found.
)
(C:\Tools\miktex\tex/latex/kvsetkeys\kvsetkeys.sty
Package: kvsetkeys 2022-10-05 v1.19 Key value parser (HO)
)
(C:\Tools\miktex\tex/generic/kvdefinekeys\kvdefinekeys.sty
Package: kvdefinekeys 2019-12-19 v1.6 Define keys (HO)
)
(C:\Tools\miktex\tex/generic/pdfescape\pdfescape.sty
Package: pdfescape 2019/12/09 v1.15 Implements pdfTeX's escape features (HO)
)
(C:\Tools\miktex\tex/latex/hycolor\hycolor.sty
Package: hycolor 2020-01-27 v1.10 Color options for hyperref/bookmark (HO)
)
(C:\Tools\miktex\tex/latex/letltxmacro\letltxmacro.sty
Package: letltxmacro 2019/12/03 v1.6 Let assignment for LaTeX macros (HO)
)
(C:\Tools\miktex\tex/latex/auxhook\auxhook.sty
Package: auxhook 2019-12-17 v1.6 Hooks for auxiliary files (HO)
)
(C:\Tools\miktex\tex/latex/hyperref\nameref.sty
Package: nameref 2023-08-07 v2.53 Cross-referencing by name of section

(C:\Tools\miktex\tex/latex/refcount\refcount.sty
Package: refcount 2019/12/15 v3.6 Data extraction from label references (HO)
)
(C:\Tools\miktex\tex/generic/gettitlestring\gettitlestring.sty
Package: gettitlestring 2019/12/15 v1.6 Cleanup title references (HO)

(C:\Tools\miktex\tex/latex/kvoptions\kvoptions.sty
Package: kvoptions 2022-06-15 v3.15 Key value format for package options (HO)
))
\c@section@level=\count301
)
\@linkdim=\dimen164
\Hy@linkcounter=\count302
\Hy@pagecounter=\count303

(C:\Tools\miktex\tex/latex/hyperref\pd1enc.def
File: pd1enc.def 2023-07-08 v7.01b Hyperref: PDFDocEncoding definition (HO)
Now handling font encoding PD1 ...
... no UTF-8 mapping file for font encoding PD1
)
(C:\Tools\miktex\tex/generic/intcalc\intcalc.sty
Package: intcalc 2019/12/15 v1.3 Expandable calculations with integers (HO)
)
\Hy@SavedSpaceFactor=\count304

(C:\Tools\miktex\tex/latex/hyperref\puenc.def
File: puenc.def 2023-07-08 v7.01b Hyperref: PDF Unicode definition (HO)
Now handling font encoding PU ...
... no UTF-8 mapping file for font encoding PU
)
Package hyperref Info: Hyper figures OFF on input line 4167.
Package hyperref Info: Link nesting OFF on input line 4172.
Package hyperref Info: Hyper index ON on input line 4175.
Package hyperref Info: Plain pages OFF on input line 4182.
Package hyperref Info: Backreferencing OFF on input line 4187.
Package hyperref Info: Implicit mode ON; LaTeX internals redefined.
Package hyperref Info: Bookmarks ON on input line 4434.
\c@Hy@tempcnt=\count305

(C:\Tools\miktex\tex/latex/url\url.sty
\Urlmuskip=\muskip17
Package: url 2013/09/16  ver 3.4  Verb mode for urls, etc.
)
LaTeX Info: Redefining \url on input line 4772.
\XeTeXLinkMargin=\dimen165

(C:\Tools\miktex\tex/generic/bitset\bitset.sty
Package: bitset 2019/12/09 v1.3 Handle bit-vector datatype (HO)

(C:\Tools\miktex\tex/generic/bigintcalc\bigintcalc.sty
Package: bigintcalc 2019/12/15 v1.5 Expandable calculations on big integers (HO
)
))
\Fld@menulength=\count306
\Field@Width=\dimen166
\Fld@charsize=\dimen167
Package hyperref Info: Hyper figures OFF on input line 6051.
Package hyperref Info: Link nesting OFF on input line 6056.
Package hyperref Info: Hyper index ON on input line 6059.
Package hyperref Info: backreferencing OFF on input line 6066.
Package hyperref Info: Link coloring OFF on input line 6071.
Package hyperref Info: Link coloring with OCG OFF on input line 6076.
Package hyperref Info: PDF/A mode OFF on input line 6081.

(C:\Tools\miktex\tex/latex/base\atbegshi-ltx.sty
Package: atbegshi-ltx 2021/01/10 v1.0c Emulation of the original atbegshi
package with kernel methods
)
\Hy@abspage=\count307
\c@Item=\count308
\c@Hfootnote=\count309
)
Package hyperref Info: Driver (autodetected): hpdftex.

(C:\Tools\miktex\tex/latex/hyperref\hpdftex.def
File: hpdftex.def 2023-07-08 v7.01b Hyperref driver for pdfTeX

(C:\Tools\miktex\tex/latex/base\atveryend-ltx.sty
Package: atveryend-ltx 2020/08/19 v1.0a Emulation of the original atveryend pac
kage
with kernel methods
)
\Fld@listcount=\count310
\c@bookmark@seq@number=\count311

(C:\Tools\miktex\tex/latex/rerunfilecheck\rerunfilecheck.sty
Package: rerunfilecheck 2022-07-10 v1.10 Rerun checks for auxiliary files (HO)

(C:\Tools\miktex\tex/generic/uniquecounter\uniquecounter.sty
Package: uniquecounter 2019/12/15 v1.4 Provide unlimited unique counter (HO)
)
Package uniquecounter Info: New unique counter `rerunfilecheck' on input line 2
85.
)
\Hy@SectionHShift=\skip67
)
(C:\Tools\miktex\tex/latex/tools\tabularx.sty
Package: tabularx 2020/01/15 v2.11c `tabularx' package (DPC)

(C:\Tools\miktex\tex/latex/tools\array.sty
Package: array 2022/09/04 v2.5g Tabular extension package (FMi)
\col@sep=\dimen168
\ar@mcellbox=\box60
\extrarowheight=\dimen169
\NC@list=\toks36
\extratabsurround=\skip68
\backup@length=\skip69
\ar@cellbox=\box61
)
\TX@col@width=\dimen170
\TX@old@table=\dimen171
\TX@old@col=\dimen172
\TX@target=\dimen173
\TX@delta=\dimen174
\TX@cols=\count312
\TX@ftn=\toks37
)
(C:\Tools\miktex\tex/latex/caption\caption.sty
Package: caption 2023/08/05 v3.6o Customizing captions (AR)

(C:\Tools\miktex\tex/latex/caption\caption3.sty
Package: caption3 2023/07/31 v2.4d caption3 kernel (AR)
\caption@tempdima=\dimen175
\captionmargin=\dimen176
\caption@leftmargin=\dimen177
\caption@rightmargin=\dimen178
\caption@width=\dimen179
\caption@indent=\dimen180
\caption@parindent=\dimen181
\caption@hangindent=\dimen182
Package caption Info: Standard document class detected.
)
\c@caption@flags=\count313
\c@continuedfloat=\count314
Package caption Info: hyperref package is loaded.
Package caption Info: longtable package is loaded.

(C:\Tools\miktex\tex/latex/caption\ltcaption.sty
Package: ltcaption 2021/01/08 v1.4c longtable captions (AR)
)
Package caption Info: supertabular package is loaded.
)
\glswrite=\write3
\glo@main@file=\write4
\openout4 = `template.glo'.

Package glossaries Info: Writing glossary file template.glo on input line 15.
\glo@acronym@file=\write5
\openout5 = `template.acn'.

Package glossaries Info: Writing glossary file template.acn on input line 15.
\glo@symbolslist@file=\write6
\openout6 = `template.syg'.

Package glossaries Info: Writing glossary file template.syg on input line 15.

(C:\Tools\miktex\tex/latex/l3backend\l3backend-pdftex.def
File: l3backend-pdftex.def 2023-04-19 L3 backend support: PDF output (pdfTeX)
\l__color_backend_stack_int=\count315
\l__pdf_internal_box=\box62
)
No file template.aux.
\openout1 = `template.aux'.

LaTeX Font Info:    Checking defaults for OML/cmm/m/it on input line 56.
LaTeX Font Info:    ... okay on input line 56.
LaTeX Font Info:    Checking defaults for OMS/cmsy/m/n on input line 56.
LaTeX Font Info:    ... okay on input line 56.
LaTeX Font Info:    Checking defaults for OT1/cmr/m/n on input line 56.
LaTeX Font Info:    ... okay on input line 56.
LaTeX Font Info:    Checking defaults for T1/cmr/m/n on input line 56.
LaTeX Font Info:    ... okay on input line 56.
LaTeX Font Info:    Checking defaults for TS1/cmr/m/n on input line 56.
LaTeX Font Info:    ... okay on input line 56.
LaTeX Font Info:    Checking defaults for OMX/cmex/m/n on input line 56.
LaTeX Font Info:    ... okay on input line 56.
LaTeX Font Info:    Checking defaults for U/cmr/m/n on input line 56.
LaTeX Font Info:    ... okay on input line 56.
LaTeX Font Info:    Checking defaults for PD1/pdf/m/n on input line 56.
LaTeX Font Info:    ... okay on input line 56.
LaTeX Font Info:    Checking defaults for PU/pdf/m/n on input line 56.
LaTeX Font Info:    ... okay on input line 56.
(C:\Tools\miktex\tex/context/base/mkii\supp-pdf.mkii
[Loading MPS to PDF converter (version 2006.09.02).]
\scratchcounter=\count316
\scratchdimen=\dimen183
\scratchbox=\box63
\nofMPsegments=\count317
\nofMParguments=\count318
\everyMPshowfont=\toks38
\MPscratchCnt=\count319
\MPscratchDim=\dimen184
\MPnumerator=\count320
\makeMPintoPDFobject=\count321
\everyMPtoPDFconversion=\toks39
) (C:\Tools\miktex\tex/latex/epstopdf-pkg\epstopdf-base.sty
Package: epstopdf-base 2020-01-24 v2.11 Base part for package epstopdf
Package epstopdf-base Info: Redefining graphics rule for `.eps' on input line 4
85.

(C:\Tools\miktex\tex/latex/00miktex\epstopdf-sys.cfg
File: epstopdf-sys.cfg 2021/03/18 v2.0 Configuration of epstopdf for MiKTeX
))
LaTeX Info: Redefining \microtypecontext on input line 56.
Package microtype Info: Applying patch `item' on input line 56.
Package microtype Info: Applying patch `toc' on input line 56.
Package microtype Info: Applying patch `eqnum' on input line 56.
Package microtype Info: Applying patch `footnote' on input line 56.
Package microtype Info: Applying patch `verbatim' on input line 56.
Package microtype Info: Generating PDF output.
Package microtype Info: Character protrusion enabled (level 2).
Package microtype Info: Using default protrusion set `alltext'.
Package microtype Info: Automatic font expansion enabled (level 2),
(microtype)             stretch: 20, shrink: 20, step: 1, non-selected.
Package microtype Info: Using default expansion set `alltext-nott'.
LaTeX Info: Redefining \showhyphens on input line 56.
Package microtype Info: No adjustment of tracking.
Package microtype Info: No adjustment of interword spacing.
Package microtype Info: No adjustment of character kerning.

(C:\Tools\miktex\tex/latex/microtype\mt-cmr.cfg
File: mt-cmr.cfg 2013/05/19 v2.2 microtype config. file: Computer Modern Roman 
(RS)
)
Package hyperref Info: Link coloring OFF on input line 56.
\@outlinefile=\write7
\openout7 = `template.out'.

Package caption Info: Begin \AtBeginDocument code.
Package caption Info: End \AtBeginDocument code.
<logo.jpg, id=3, 243.91125pt x 138.5175pt>
File: logo.jpg Graphic file (type jpg)
<use logo.jpg>
Package pdftex.def Info: logo.jpg  used on input line 81.
(pdftex.def)             Requested size: 97.56276pt x 55.406pt.

Underfull \hbox (badness 10000) in paragraph at lines 102--103

 []

[1

\openout3 = `template.ist'.

{C:/Users/nakon/AppData/Local/MiKTeX/fonts/map/pdftex/pdftex.map} <C:/Users/nak
on/OneDrive/Desktop/Docsw/uni/master sem 7/datenmanagement/dna_fountain/main_pa
per/logo.jpg>]
pdfTeX warning (ext4): destination with the same identifier (name{page.1}) has 
been already used, duplicate ignored
<to be read again> 
                   \relax 
l.112 \newpage
               [1] [2]
No file template.toc.
\tf@toc=\write8
\openout8 = `template.toc'.

[3]
No file template.lof.
\tf@lof=\write9
\openout9 = `template.lof'.

No file template.lot.
\tf@lot=\write10
\openout10 = `template.lot'.

[4]

LaTeX Warning: Citation `mercier2010survey' on page 5 undefined on input line 1
33.


LaTeX Warning: Citation `ghani2000using' on page 5 undefined on input line 153.



LaTeX Warning: Citation `elaoud1998adaptive' on page 5 undefined on input line 
153.

[5]

LaTeX Warning: Citation `mercier2010survey' on page 6 undefined on input line 1
58.

[6]

LaTeX Warning: Citation `mercier2010survey' on page 7 undefined on input line 1
69.


LaTeX Warning: Reference `sec:in_depth' on page 7 undefined on input line 169.

[7]

LaTeX Warning: Citation `dong2020dna' on page 8 undefined on input line 175.


LaTeX Warning: Citation `dong2020dna' on page 8 undefined on input line 175.


LaTeX Warning: Citation `erlich2017dna' on page 8 undefined on input line 175.


LaTeX Warning: Citation `mackay2005fountain' on page 8 undefined on input line 
175.


LaTeX Warning: Command \textgreater invalid in math mode on input line 175.

LaTeX Font Info:    Trying to load font information for OML+cmr on input line 1
75.
(C:\Tools\miktex\tex/latex/base\omlcmr.fd
File: omlcmr.fd 2023/04/13 v2.5m Standard LaTeX font definitions
)
LaTeX Font Info:    Font shape `OML/cmr/m/n' in size <12> not available
(Font)              Font shape `OML/cmm/m/it' tried instead on input line 175.


LaTeX Warning: Command \textgreater invalid in math mode on input line 175.


LaTeX Warning: Citation `mackay2005fountain' on page 8 undefined on input line 
175.


LaTeX Warning: Citation `erlich2017dna' on page 8 undefined on input line 176.


LaTeX Warning: Citation `erlich2017dnasupplementary' on page 8 undefined on inp
ut line 183.

[8]

LaTeX Warning: Citation `erlich2017dnasupplementary' on page 9 undefined on inp
ut line 191.


LaTeX Warning: Citation `erlich2017dnasupplementary' on page 9 undefined on inp
ut line 191.


LaTeX Warning: Citation `hathwalia2014design' on page 9 undefined on input line
 191.


LaTeX Warning: Citation `hathwalia2014design' on page 9 undefined on input line
 191.


LaTeX Warning: Citation `erlich2017dnasupplementary' on page 9 undefined on inp
ut line 191.

Package microtype Info: Loading generic protrusion settings for font family
(microtype)             `cmtt' (encoding: OT1).
(microtype)             For optimal results, create family-specific settings.
(microtype)             See the microtype manual for details.

LaTeX Warning: Citation `erlich2017dnasupplementary' on page 9 undefined on inp
ut line 203.

[9] [10]

LaTeX Warning: Command \textless invalid in math mode on input line 252.


LaTeX Warning: Command \textless invalid in math mode on input line 252.


LaTeX Warning: Command \textless invalid in math mode on input line 252.


LaTeX Warning: Command \textless invalid in math mode on input line 252.


LaTeX Warning: Command \textless invalid in math mode on input line 252.


LaTeX Warning: Command \textless invalid in math mode on input line 252.


LaTeX Warning: Citation `sklar2001reed' on page 11 undefined on input line 256.



LaTeX Warning: Citation `sklar2001reed' on page 11 undefined on input line 264.


LaTeX Font Info:    Trying to load font information for OMS+cmr on input line 2
68.
(C:\Tools\miktex\tex/latex/base\omscmr.fd
File: omscmr.fd 2023/04/13 v2.5m Standard LaTeX font definitions
)
LaTeX Font Info:    Font shape `OMS/cmr/m/n' in size <12> not available
(Font)              Font shape `OMS/cmsy/m/n' tried instead on input line 268.


LaTeX Warning: Citation `erlich2017dnasupplementary' on page 11 undefined on in
put line 268.


LaTeX Warning: Citation `erlich2017dna' on page 11 undefined on input line 268.



LaTeX Warning: Citation `erlich2017dna' on page 11 undefined on input line 268.



LaTeX Warning: Citation `erlich2017dna' on page 11 undefined on input line 276.


[11]

LaTeX Warning: Citation `erlich2017dnasupplementary' on page 12 undefined on in
put line 285.


LaTeX Warning: Citation `erlich2017dnasupplementary' on page 12 undefined on in
put line 296.


LaTeX Warning: Citation `erlich2017dna' on page 12 undefined on input line 296.



LaTeX Warning: Citation `erlich2017dnasupplementary' on page 12 undefined on in
put line 296.


LaTeX Warning: Reference `subsec:droplet_recovery' on page 12 undefined on inpu
t line 301.


LaTeX Warning: Citation `erlich2017dnasupplementary' on page 12 undefined on in
put line 301.

[12]
<decoding_oligos.png, id=88, 305.64188pt x 239.89626pt>
File: decoding_oligos.png Graphic file (type png)
<use decoding_oligos.png>
Package pdftex.def Info: decoding_oligos.png  used on input line 306.
(pdftex.def)             Requested size: 272.99881pt x 214.28302pt.


LaTeX Warning: Citation `erlich2017dnasupplementary' on page 13 undefined on in
put line 307.


LaTeX Warning: Citation `erlich2017dnasupplementary' on page 13 undefined on in
put line 307.


LaTeX Warning: Citation `erlich2017dna' on page 13 undefined on input line 315.


[13 <C:/Users/nakon/OneDrive/Desktop/Docsw/uni/master sem 7/datenmanagement/dna
_fountain/main_paper/decoding_oligos.png>]

LaTeX Warning: Citation `erlich2017dnasupplementary' on page 14 undefined on in
put line 328.


LaTeX Warning: Citation `erlich2017dna' on page 14 undefined on input line 328.


[14] [15]

LaTeX Warning: Reference `fig:logo_short' on page 16 undefined on input line 33
4.


LaTeX Warning: Reference `fig:logo_long' on page 16 undefined on input line 334
.


Underfull \hbox (badness 10000) in paragraph at lines 334--336

 []


Underfull \hbox (badness 10000) in paragraph at lines 359--359
[]|\OT1/cmr/m/n/10.95 (+20) Segments mul-ti-
 []


Underfull \hbox (badness 10000) in paragraph at lines 359--359
[]|\OT1/cmr/m/n/10.95 (+20) Soliton delta
 []

<input_small.png, id=107, 47.17625pt x 47.17625pt>
File: input_small.png Graphic file (type png)
<use input_small.png>
Package pdftex.def Info: input_small.png  used on input line 367.
(pdftex.def)             Requested size: 272.99881pt x 273.1134pt.

LaTeX Warning: `h' float specifier changed to `ht'.

<input_large.png, id=108, 1284.8pt x 210.7875pt>
File: input_large.png Graphic file (type png)
<use input_large.png>
Package pdftex.def Info: input_large.png  used on input line 375.
(pdftex.def)             Requested size: 272.99881pt x 44.78772pt.

LaTeX Warning: `h' float specifier changed to `ht'.

[16]

LaTeX Warning: Citation `erlich2017dna' on page 17 undefined on input line 384.



LaTeX Warning: Reference `subsec:implementation' on page 17 undefined on input 
line 385.


LaTeX Warning: Citation `erlich2017dna' on page 17 undefined on input line 385.



LaTeX Warning: Reference `subsec:implementation' on page 17 undefined on input 
line 385.


LaTeX Warning: Citation `erlich2017dna' on page 17 undefined on input line 385.


[17
! pdfTeX error (font expansion): auto expansion is only possible with scalable 
fonts.
<argument> ...shipout:D \box_use:N \l_shipout_box 
                                                  \__shipout_drop_firstpage_...
l.395 \item T
             here are also symbols like for example \gls{symb:Pi}, \gls{symb...


 
Here is how much of TeX's memory you used:
 17046 strings out of 475248
 271586 string characters out of 5771414
 1931785 words of memory out of 5000000
 38120 multiletter control sequences out of 15000+600000
 572415 words of font info for 161 fonts, out of 8000000 for 9000
 1141 hyphenation exceptions out of 8191
 94i,12n,117p,2441b,638s stack positions out of 10000i,1000n,20000p,200000b,200000s
!  ==> Fatal error occurred, no output PDF file produced!
